

***********************************************************************
Fatal NI connect error 12541, connecting to:
 (DESCRIPTION=(CONNECT_DATA=(SERVICE_NAME=)(CID=(PROGRAM=C:\Users\lenovo\Documents\Visual Studio 2015\Projects\SMS\AMETAP\AMETAP\bin\Debug\AMETAP.exe)(HOST=LENOVO-PC)(USER=lenovo)))(ADDRESS=(PROTOCOL=TCP)(HOST=127.0.0.1)(PORT=1521)))

  VERSION INFORMATION:
	TNS for 32-bit Windows: Version 10.2.0.1.0 - Production
	Windows NT TCP/IP NT Protocol Adapter for 32-bit Windows: Version 10.2.0.1.0 - Production
  Time: 28-MARS -2017 15:19:47
  Tracing not turned on.
  Tns error struct:
    ns main err code: 12541
    TNS-12541: TNS : aucun processus d'écoute
    ns secondary err code: 12560
    nt main err code: 511
    TNS-00511: Pas de processus d'écoute
    nt secondary err code: 61
    nt OS err code: 0


***********************************************************************
Fatal NI connect error 12560, connecting to:
 (DESCRIPTION=(ADDRESS=(PROTOCOL=BEQ)(PROGRAM=oracle)(ARGV0=oracleXE)(ARGS='(DESCRIPTION=(LOCAL=YES)(ADDRESS=(PROTOCOL=beq)))'))(CONNECT_DATA=(SID=XE)(CID=(PROGRAM=C:\Users\lenovo\Documents\Visual Studio 2015\Projects\SMS\AMETAP\AMETAP\bin\Debug\AMETAP.exe)(HOST=LENOVO-PC)(USER=lenovo))))

  VERSION INFORMATION:
	TNS for 32-bit Windows: Version 10.2.0.1.0 - Production
	Oracle Bequeath NT Protocol Adapter for 32-bit Windows: Version 10.2.0.1.0 - Production
  Time: 28-MARS -2017 15:19:48
  Tracing not turned on.
  Tns error struct:
    ns main err code: 12560
    TNS-12560: TNS : erreur d'adaptateur de protocole
    ns secondary err code: 0
    nt main err code: 530
    TNS-00530: Erreur d'adaptateur de protocole
    nt secondary err code: 2
    nt OS err code: 0


***********************************************************************
Fatal NI connect error 12541, connecting to:
 (DESCRIPTION=(CONNECT_DATA=(SERVICE_NAME=)(CID=(PROGRAM=C:\Users\lenovo\Documents\Visual Studio 2015\Projects\SMS\AMETAP\AMETAP\bin\Debug\AMETAP.exe)(HOST=LENOVO-PC)(USER=lenovo)))(ADDRESS=(PROTOCOL=TCP)(HOST=127.0.0.1)(PORT=1521)))

  VERSION INFORMATION:
	TNS for 32-bit Windows: Version 10.2.0.1.0 - Production
	Windows NT TCP/IP NT Protocol Adapter for 32-bit Windows: Version 10.2.0.1.0 - Production
  Time: 28-MARS -2017 15:20:05
  Tracing not turned on.
  Tns error struct:
    ns main err code: 12541
    TNS-12541: TNS : aucun processus d'écoute
    ns secondary err code: 12560
    nt main err code: 511
    TNS-00511: Pas de processus d'écoute
    nt secondary err code: 61
    nt OS err code: 0


***********************************************************************
Fatal NI connect error 12560, connecting to:
 (DESCRIPTION=(ADDRESS=(PROTOCOL=BEQ)(PROGRAM=oracle)(ARGV0=oracleXE)(ARGS='(DESCRIPTION=(LOCAL=YES)(ADDRESS=(PROTOCOL=beq)))'))(CONNECT_DATA=(SID=XE)(CID=(PROGRAM=C:\Users\lenovo\Documents\Visual Studio 2015\Projects\SMS\AMETAP\AMETAP\bin\Debug\AMETAP.exe)(HOST=LENOVO-PC)(USER=lenovo))))

  VERSION INFORMATION:
	TNS for 32-bit Windows: Version 10.2.0.1.0 - Production
	Oracle Bequeath NT Protocol Adapter for 32-bit Windows: Version 10.2.0.1.0 - Production
  Time: 28-MARS -2017 15:20:05
  Tracing not turned on.
  Tns error struct:
    ns main err code: 12560
    TNS-12560: TNS : erreur d'adaptateur de protocole
    ns secondary err code: 0
    nt main err code: 530
    TNS-00530: Erreur d'adaptateur de protocole
    nt secondary err code: 2
    nt OS err code: 0


***********************************************************************
Fatal NI connect error 12541, connecting to:
 (DESCRIPTION=(CONNECT_DATA=(SERVICE_NAME=)(CID=(PROGRAM=C:\Users\lenovo\Documents\Visual Studio 2015\Projects\SMS\AMETAP\AMETAP\bin\Debug\AMETAP.vshost.exe)(HOST=LENOVO-PC)(USER=lenovo)))(ADDRESS=(PROTOCOL=TCP)(HOST=127.0.0.1)(PORT=1521)))

  VERSION INFORMATION:
	TNS for 32-bit Windows: Version 10.2.0.1.0 - Production
	Windows NT TCP/IP NT Protocol Adapter for 32-bit Windows: Version 10.2.0.1.0 - Production
  Time: 18-AVR. -2017 01:53:31
  Tracing not turned on.
  Tns error struct:
    ns main err code: 12541
    TNS-12541: TNS : aucun processus d'écoute
    ns secondary err code: 12560
    nt main err code: 511
    TNS-00511: Pas de processus d'écoute
    nt secondary err code: 61
    nt OS err code: 0


***********************************************************************
Fatal NI connect error 12560, connecting to:
 (DESCRIPTION=(ADDRESS=(PROTOCOL=BEQ)(PROGRAM=oracle)(ARGV0=oracleXE)(ARGS='(DESCRIPTION=(LOCAL=YES)(ADDRESS=(PROTOCOL=beq)))'))(CONNECT_DATA=(SID=XE)(CID=(PROGRAM=C:\Users\lenovo\Documents\Visual Studio 2015\Projects\SMS\AMETAP\AMETAP\bin\Debug\AMETAP.vshost.exe)(HOST=LENOVO-PC)(USER=lenovo))))

  VERSION INFORMATION:
	TNS for 32-bit Windows: Version 10.2.0.1.0 - Production
	Oracle Bequeath NT Protocol Adapter for 32-bit Windows: Version 10.2.0.1.0 - Production
  Time: 18-AVR. -2017 01:53:33
  Tracing not turned on.
  Tns error struct:
    ns main err code: 12560
    TNS-12560: TNS : erreur d'adaptateur de protocole
    ns secondary err code: 0
    nt main err code: 530
    TNS-00530: Erreur d'adaptateur de protocole
    nt secondary err code: 2
    nt OS err code: 0


***********************************************************************
Fatal NI connect error 12528, connecting to:
 (DESCRIPTION=(CONNECT_DATA=(SERVICE_NAME=)(CID=(PROGRAM=C:\Users\lenovo\Documents\Visual Studio 2015\Projects\SMS\AMETAP\AMETAP\bin\Debug\AMETAP.EXE)(HOST=LENOVO-PC)(USER=lenovo)))(ADDRESS=(PROTOCOL=TCP)(HOST=127.0.0.1)(PORT=1521)))

  VERSION INFORMATION:
	TNS for 32-bit Windows: Version 10.2.0.1.0 - Production
	Windows NT TCP/IP NT Protocol Adapter for 32-bit Windows: Version 10.2.0.1.0 - Production
  Time: 18-AVR. -2017 01:54:46
  Tracing not turned on.
  Tns error struct:
    ns main err code: 12564
    TNS-12564: TNS : connexion refusée
    ns secondary err code: 0
    nt main err code: 0
    nt secondary err code: 0
    nt OS err code: 0


***********************************************************************
Fatal NI connect error 12541, connecting to:
 (DESCRIPTION=(CONNECT_DATA=(SERVICE_NAME=)(CID=(PROGRAM=C:\Users\lenovo\Documents\Visual Studio 2015\Projects\SMS\AMETAP\AMETAP\bin\Debug\AMETAP.vshost.exe)(HOST=LENOVO-PC)(USER=lenovo)))(ADDRESS=(PROTOCOL=TCP)(HOST=127.0.0.1)(PORT=1521)))

  VERSION INFORMATION:
	TNS for 32-bit Windows: Version 10.2.0.1.0 - Production
	Windows NT TCP/IP NT Protocol Adapter for 32-bit Windows: Version 10.2.0.1.0 - Production
  Time: 21-AVR. -2017 10:19:54
  Tracing not turned on.
  Tns error struct:
    ns main err code: 12541
    TNS-12541: TNS : aucun processus d'écoute
    ns secondary err code: 12560
    nt main err code: 511
    TNS-00511: Pas de processus d'écoute
    nt secondary err code: 61
    nt OS err code: 0


***********************************************************************
Fatal NI connect error 12560, connecting to:
 (DESCRIPTION=(ADDRESS=(PROTOCOL=BEQ)(PROGRAM=oracle)(ARGV0=oracleXE)(ARGS='(DESCRIPTION=(LOCAL=YES)(ADDRESS=(PROTOCOL=beq)))'))(CONNECT_DATA=(SID=XE)(CID=(PROGRAM=C:\Users\lenovo\Documents\Visual Studio 2015\Projects\SMS\AMETAP\AMETAP\bin\Debug\AMETAP.vshost.exe)(HOST=LENOVO-PC)(USER=lenovo))))

  VERSION INFORMATION:
	TNS for 32-bit Windows: Version 10.2.0.1.0 - Production
	Oracle Bequeath NT Protocol Adapter for 32-bit Windows: Version 10.2.0.1.0 - Production
  Time: 21-AVR. -2017 10:19:54
  Tracing not turned on.
  Tns error struct:
    ns main err code: 12560
    TNS-12560: TNS : erreur d'adaptateur de protocole
    ns secondary err code: 0
    nt main err code: 530
    TNS-00530: Erreur d'adaptateur de protocole
    nt secondary err code: 2
    nt OS err code: 0


***********************************************************************
Fatal NI connect error 12541, connecting to:
 (DESCRIPTION=(CONNECT_DATA=(SERVICE_NAME=)(CID=(PROGRAM=C:\Users\lenovo\Documents\Visual Studio 2015\Projects\SMS\AMETAP\AMETAP\bin\Debug\AMETAP.vshost.exe)(HOST=LENOVO-PC)(USER=lenovo)))(ADDRESS=(PROTOCOL=TCP)(HOST=127.0.0.1)(PORT=1521)))

  VERSION INFORMATION:
	TNS for 32-bit Windows: Version 10.2.0.1.0 - Production
	Windows NT TCP/IP NT Protocol Adapter for 32-bit Windows: Version 10.2.0.1.0 - Production
  Time: 27-AVR. -2017 12:46:20
  Tracing not turned on.
  Tns error struct:
    ns main err code: 12541
    TNS-12541: TNS : aucun processus d'écoute
    ns secondary err code: 12560
    nt main err code: 511
    TNS-00511: Pas de processus d'écoute
    nt secondary err code: 61
    nt OS err code: 0


***********************************************************************
Fatal NI connect error 12560, connecting to:
 (DESCRIPTION=(ADDRESS=(PROTOCOL=BEQ)(PROGRAM=oracle)(ARGV0=oracleXE)(ARGS='(DESCRIPTION=(LOCAL=YES)(ADDRESS=(PROTOCOL=beq)))'))(CONNECT_DATA=(SID=XE)(CID=(PROGRAM=C:\Users\lenovo\Documents\Visual Studio 2015\Projects\SMS\AMETAP\AMETAP\bin\Debug\AMETAP.vshost.exe)(HOST=LENOVO-PC)(USER=lenovo))))

  VERSION INFORMATION:
	TNS for 32-bit Windows: Version 10.2.0.1.0 - Production
	Oracle Bequeath NT Protocol Adapter for 32-bit Windows: Version 10.2.0.1.0 - Production
  Time: 27-AVR. -2017 12:46:20
  Tracing not turned on.
  Tns error struct:
    ns main err code: 12560
    TNS-12560: TNS : erreur d'adaptateur de protocole
    ns secondary err code: 0
    nt main err code: 530
    TNS-00530: Erreur d'adaptateur de protocole
    nt secondary err code: 2
    nt OS err code: 0


***********************************************************************
Fatal NI connect error 12541, connecting to:
 (DESCRIPTION=(CONNECT_DATA=(SERVICE_NAME=)(CID=(PROGRAM=C:\Users\lenovo\Documents\Visual Studio 2015\Projects\SMS\AMETAP\AMETAP\bin\Debug\AMETAP.vshost.exe)(HOST=LENOVO-PC)(USER=lenovo)))(ADDRESS=(PROTOCOL=TCP)(HOST=127.0.0.1)(PORT=1521)))

  VERSION INFORMATION:
	TNS for 32-bit Windows: Version 10.2.0.1.0 - Production
	Windows NT TCP/IP NT Protocol Adapter for 32-bit Windows: Version 10.2.0.1.0 - Production
  Time: 01-MAI  -2017 15:54:45
  Tracing not turned on.
  Tns error struct:
    ns main err code: 12541
    TNS-12541: TNS : aucun processus d'écoute
    ns secondary err code: 12560
    nt main err code: 511
    TNS-00511: Pas de processus d'écoute
    nt secondary err code: 61
    nt OS err code: 0


***********************************************************************
Fatal NI connect error 12560, connecting to:
 (DESCRIPTION=(ADDRESS=(PROTOCOL=BEQ)(PROGRAM=oracle)(ARGV0=oracleXE)(ARGS='(DESCRIPTION=(LOCAL=YES)(ADDRESS=(PROTOCOL=beq)))'))(CONNECT_DATA=(SID=XE)(CID=(PROGRAM=C:\Users\lenovo\Documents\Visual Studio 2015\Projects\SMS\AMETAP\AMETAP\bin\Debug\AMETAP.vshost.exe)(HOST=LENOVO-PC)(USER=lenovo))))

  VERSION INFORMATION:
	TNS for 32-bit Windows: Version 10.2.0.1.0 - Production
	Oracle Bequeath NT Protocol Adapter for 32-bit Windows: Version 10.2.0.1.0 - Production
  Time: 01-MAI  -2017 15:54:46
  Tracing not turned on.
  Tns error struct:
    ns main err code: 12560
    TNS-12560: TNS : erreur d'adaptateur de protocole
    ns secondary err code: 0
    nt main err code: 530
    TNS-00530: Erreur d'adaptateur de protocole
    nt secondary err code: 2
    nt OS err code: 0


***********************************************************************
Fatal NI connect error 12541, connecting to:
 (DESCRIPTION=(CONNECT_DATA=(SERVICE_NAME=)(CID=(PROGRAM=C:\Users\lenovo\Documents\Visual Studio 2015\Projects\SMS\AMETAP\AMETAP\bin\Debug\AMETAP.vshost.exe)(HOST=LENOVO-PC)(USER=lenovo)))(ADDRESS=(PROTOCOL=TCP)(HOST=127.0.0.1)(PORT=1521)))

  VERSION INFORMATION:
	TNS for 32-bit Windows: Version 10.2.0.1.0 - Production
	Windows NT TCP/IP NT Protocol Adapter for 32-bit Windows: Version 10.2.0.1.0 - Production
  Time: 03-MAI  -2017 21:57:27
  Tracing not turned on.
  Tns error struct:
    ns main err code: 12541
    TNS-12541: TNS : aucun processus d'écoute
    ns secondary err code: 12560
    nt main err code: 511
    TNS-00511: Pas de processus d'écoute
    nt secondary err code: 61
    nt OS err code: 0


***********************************************************************
Fatal NI connect error 12560, connecting to:
 (DESCRIPTION=(ADDRESS=(PROTOCOL=BEQ)(PROGRAM=oracle)(ARGV0=oracleXE)(ARGS='(DESCRIPTION=(LOCAL=YES)(ADDRESS=(PROTOCOL=beq)))'))(CONNECT_DATA=(SID=XE)(CID=(PROGRAM=C:\Users\lenovo\Documents\Visual Studio 2015\Projects\SMS\AMETAP\AMETAP\bin\Debug\AMETAP.vshost.exe)(HOST=LENOVO-PC)(USER=lenovo))))

  VERSION INFORMATION:
	TNS for 32-bit Windows: Version 10.2.0.1.0 - Production
	Oracle Bequeath NT Protocol Adapter for 32-bit Windows: Version 10.2.0.1.0 - Production
  Time: 03-MAI  -2017 21:57:28
  Tracing not turned on.
  Tns error struct:
    ns main err code: 12560
    TNS-12560: TNS : erreur d'adaptateur de protocole
    ns secondary err code: 0
    nt main err code: 530
    TNS-00530: Erreur d'adaptateur de protocole
    nt secondary err code: 2
    nt OS err code: 0


***********************************************************************
Fatal NI connect error 12541, connecting to:
 (DESCRIPTION=(CONNECT_DATA=(SERVICE_NAME=)(CID=(PROGRAM=C:\Users\lenovo\Documents\Visual Studio 2015\Projects\SMS\AMETAP\AMETAP\bin\Debug\AMETAP.vshost.exe)(HOST=LENOVO-PC)(USER=lenovo)))(ADDRESS=(PROTOCOL=TCP)(HOST=127.0.0.1)(PORT=1521)))

  VERSION INFORMATION:
	TNS for 32-bit Windows: Version 10.2.0.1.0 - Production
	Windows NT TCP/IP NT Protocol Adapter for 32-bit Windows: Version 10.2.0.1.0 - Production
  Time: 20-MAI  -2017 18:04:43
  Tracing not turned on.
  Tns error struct:
    ns main err code: 12541
    TNS-12541: TNS : aucun processus d'écoute
    ns secondary err code: 12560
    nt main err code: 511
    TNS-00511: Pas de processus d'écoute
    nt secondary err code: 61
    nt OS err code: 0


***********************************************************************
Fatal NI connect error 12560, connecting to:
 (DESCRIPTION=(ADDRESS=(PROTOCOL=BEQ)(PROGRAM=oracle)(ARGV0=oracleXE)(ARGS='(DESCRIPTION=(LOCAL=YES)(ADDRESS=(PROTOCOL=beq)))'))(CONNECT_DATA=(SID=XE)(CID=(PROGRAM=C:\Users\lenovo\Documents\Visual Studio 2015\Projects\SMS\AMETAP\AMETAP\bin\Debug\AMETAP.vshost.exe)(HOST=LENOVO-PC)(USER=lenovo))))

  VERSION INFORMATION:
	TNS for 32-bit Windows: Version 10.2.0.1.0 - Production
	Oracle Bequeath NT Protocol Adapter for 32-bit Windows: Version 10.2.0.1.0 - Production
  Time: 20-MAI  -2017 18:04:46
  Tracing not turned on.
  Tns error struct:
    ns main err code: 12560
    TNS-12560: TNS : erreur d'adaptateur de protocole
    ns secondary err code: 0
    nt main err code: 530
    TNS-00530: Erreur d'adaptateur de protocole
    nt secondary err code: 2
    nt OS err code: 0


***********************************************************************
Fatal NI connect error 12541, connecting to:
 (DESCRIPTION=(CONNECT_DATA=(SERVICE_NAME=)(CID=(PROGRAM=C:\Users\lenovo\Documents\GitHub\Ametap\AMETAP\AMETAP\bin\Debug\AMETAP.exe)(HOST=DESKTOP-UU0N3RP)(USER=lenovo)))(ADDRESS=(PROTOCOL=TCP)(HOST=127.0.0.1)(PORT=1521)))

  VERSION INFORMATION:
	TNS for 32-bit Windows: Version 10.2.0.1.0 - Production
	Windows NT TCP/IP NT Protocol Adapter for 32-bit Windows: Version 10.2.0.1.0 - Production
  Time: 02-AOÛT -2018 14:52:46
  Tracing not turned on.
  Tns error struct:
    ns main err code: 12541
    TNS-12541: TNS : aucun processus d'écoute
    ns secondary err code: 12560
    nt main err code: 511
    TNS-00511: Pas de processus d'écoute
    nt secondary err code: 61
    nt OS err code: 0


***********************************************************************
Fatal NI connect error 12560, connecting to:
 (DESCRIPTION=(ADDRESS=(PROTOCOL=BEQ)(PROGRAM=oracle)(ARGV0=oracleXE)(ARGS='(DESCRIPTION=(LOCAL=YES)(ADDRESS=(PROTOCOL=beq)))'))(CONNECT_DATA=(SID=XE)(CID=(PROGRAM=C:\Users\lenovo\Documents\GitHub\Ametap\AMETAP\AMETAP\bin\Debug\AMETAP.exe)(HOST=DESKTOP-UU0N3RP)(USER=lenovo))))

  VERSION INFORMATION:
	TNS for 32-bit Windows: Version 10.2.0.1.0 - Production
	Oracle Bequeath NT Protocol Adapter for 32-bit Windows: Version 10.2.0.1.0 - Production
  Time: 02-AOÛT -2018 14:52:46
  Tracing not turned on.
  Tns error struct:
    ns main err code: 12560
    TNS-12560: TNS : erreur d'adaptateur de protocole
    ns secondary err code: 0
    nt main err code: 530
    TNS-00530: Erreur d'adaptateur de protocole
    nt secondary err code: 2
    nt OS err code: 0


***********************************************************************
Fatal NI connect error 12541, connecting to:
 (DESCRIPTION=(CONNECT_DATA=(SERVICE_NAME=)(CID=(PROGRAM=C:\Users\lenovo\Documents\GitHub\Ametap\AMETAP\AMETAP\bin\Debug\AMETAP.exe)(HOST=DESKTOP-UU0N3RP)(USER=lenovo)))(ADDRESS=(PROTOCOL=TCP)(HOST=127.0.0.1)(PORT=1521)))

  VERSION INFORMATION:
	TNS for 32-bit Windows: Version 10.2.0.1.0 - Production
	Windows NT TCP/IP NT Protocol Adapter for 32-bit Windows: Version 10.2.0.1.0 - Production
  Time: 07-AOÛT -2018 08:37:34
  Tracing not turned on.
  Tns error struct:
    ns main err code: 12541
    TNS-12541: TNS : aucun processus d'écoute
    ns secondary err code: 12560
    nt main err code: 511
    TNS-00511: Pas de processus d'écoute
    nt secondary err code: 61
    nt OS err code: 0


***********************************************************************
Fatal NI connect error 12560, connecting to:
 (DESCRIPTION=(ADDRESS=(PROTOCOL=BEQ)(PROGRAM=oracle)(ARGV0=oracleXE)(ARGS='(DESCRIPTION=(LOCAL=YES)(ADDRESS=(PROTOCOL=beq)))'))(CONNECT_DATA=(SID=XE)(CID=(PROGRAM=C:\Users\lenovo\Documents\GitHub\Ametap\AMETAP\AMETAP\bin\Debug\AMETAP.exe)(HOST=DESKTOP-UU0N3RP)(USER=lenovo))))

  VERSION INFORMATION:
	TNS for 32-bit Windows: Version 10.2.0.1.0 - Production
	Oracle Bequeath NT Protocol Adapter for 32-bit Windows: Version 10.2.0.1.0 - Production
  Time: 07-AOÛT -2018 08:37:34
  Tracing not turned on.
  Tns error struct:
    ns main err code: 12560
    TNS-12560: TNS : erreur d'adaptateur de protocole
    ns secondary err code: 0
    nt main err code: 530
    TNS-00530: Erreur d'adaptateur de protocole
    nt secondary err code: 2
    nt OS err code: 0


***********************************************************************
Fatal NI connect error 12541, connecting to:
 (DESCRIPTION=(CONNECT_DATA=(SERVICE_NAME=)(CID=(PROGRAM=C:\Users\lenovo\Documents\GitHub\Ametap\AMETAP\AMETAP\bin\Debug\AMETAP.exe)(HOST=DESKTOP-UU0N3RP)(USER=lenovo)))(ADDRESS=(PROTOCOL=TCP)(HOST=127.0.0.1)(PORT=1521)))

  VERSION INFORMATION:
	TNS for 32-bit Windows: Version 10.2.0.1.0 - Production
	Windows NT TCP/IP NT Protocol Adapter for 32-bit Windows: Version 10.2.0.1.0 - Production
  Time: 07-AOÛT -2018 08:37:40
  Tracing not turned on.
  Tns error struct:
    ns main err code: 12541
    TNS-12541: TNS : aucun processus d'écoute
    ns secondary err code: 12560
    nt main err code: 511
    TNS-00511: Pas de processus d'écoute
    nt secondary err code: 61
    nt OS err code: 0


***********************************************************************
Fatal NI connect error 12560, connecting to:
 (DESCRIPTION=(ADDRESS=(PROTOCOL=BEQ)(PROGRAM=oracle)(ARGV0=oracleXE)(ARGS='(DESCRIPTION=(LOCAL=YES)(ADDRESS=(PROTOCOL=beq)))'))(CONNECT_DATA=(SID=XE)(CID=(PROGRAM=C:\Users\lenovo\Documents\GitHub\Ametap\AMETAP\AMETAP\bin\Debug\AMETAP.exe)(HOST=DESKTOP-UU0N3RP)(USER=lenovo))))

  VERSION INFORMATION:
	TNS for 32-bit Windows: Version 10.2.0.1.0 - Production
	Oracle Bequeath NT Protocol Adapter for 32-bit Windows: Version 10.2.0.1.0 - Production
  Time: 07-AOÛT -2018 08:37:40
  Tracing not turned on.
  Tns error struct:
    ns main err code: 12560
    TNS-12560: TNS : erreur d'adaptateur de protocole
    ns secondary err code: 0
    nt main err code: 530
    TNS-00530: Erreur d'adaptateur de protocole
    nt secondary err code: 2
    nt OS err code: 0


***********************************************************************
Fatal NI connect error 12541, connecting to:
 (DESCRIPTION=(CONNECT_DATA=(SERVICE_NAME=)(CID=(PROGRAM=C:\Users\lenovo\Documents\GitHub\Ametap\AMETAP\AMETAP\bin\Debug\AMETAP.exe)(HOST=DESKTOP-UU0N3RP)(USER=lenovo)))(ADDRESS=(PROTOCOL=TCP)(HOST=127.0.0.1)(PORT=1521)))

  VERSION INFORMATION:
	TNS for 32-bit Windows: Version 10.2.0.1.0 - Production
	Windows NT TCP/IP NT Protocol Adapter for 32-bit Windows: Version 10.2.0.1.0 - Production
  Time: 07-AOÛT -2018 08:37:48
  Tracing not turned on.
  Tns error struct:
    ns main err code: 12541
    TNS-12541: TNS : aucun processus d'écoute
    ns secondary err code: 12560
    nt main err code: 511
    TNS-00511: Pas de processus d'écoute
    nt secondary err code: 61
    nt OS err code: 0


***********************************************************************
Fatal NI connect error 12560, connecting to:
 (DESCRIPTION=(ADDRESS=(PROTOCOL=BEQ)(PROGRAM=oracle)(ARGV0=oracleXE)(ARGS='(DESCRIPTION=(LOCAL=YES)(ADDRESS=(PROTOCOL=beq)))'))(CONNECT_DATA=(SID=XE)(CID=(PROGRAM=C:\Users\lenovo\Documents\GitHub\Ametap\AMETAP\AMETAP\bin\Debug\AMETAP.exe)(HOST=DESKTOP-UU0N3RP)(USER=lenovo))))

  VERSION INFORMATION:
	TNS for 32-bit Windows: Version 10.2.0.1.0 - Production
	Oracle Bequeath NT Protocol Adapter for 32-bit Windows: Version 10.2.0.1.0 - Production
  Time: 07-AOÛT -2018 08:37:48
  Tracing not turned on.
  Tns error struct:
    ns main err code: 12560
    TNS-12560: TNS : erreur d'adaptateur de protocole
    ns secondary err code: 0
    nt main err code: 530
    TNS-00530: Erreur d'adaptateur de protocole
    nt secondary err code: 2
    nt OS err code: 0


***********************************************************************
Fatal NI connect error 12541, connecting to:
 (DESCRIPTION=(CONNECT_DATA=(SERVICE_NAME=)(CID=(PROGRAM=C:\Users\lenovo\Documents\GitHub\Ametap\AMETAP\AMETAP\bin\Debug\AMETAP.exe)(HOST=DESKTOP-UU0N3RP)(USER=lenovo)))(ADDRESS=(PROTOCOL=TCP)(HOST=127.0.0.1)(PORT=1521)))

  VERSION INFORMATION:
	TNS for 32-bit Windows: Version 10.2.0.1.0 - Production
	Windows NT TCP/IP NT Protocol Adapter for 32-bit Windows: Version 10.2.0.1.0 - Production
  Time: 07-AOÛT -2018 08:38:37
  Tracing not turned on.
  Tns error struct:
    ns main err code: 12541
    TNS-12541: TNS : aucun processus d'écoute
    ns secondary err code: 12560
    nt main err code: 511
    TNS-00511: Pas de processus d'écoute
    nt secondary err code: 61
    nt OS err code: 0


***********************************************************************
Fatal NI connect error 12560, connecting to:
 (DESCRIPTION=(ADDRESS=(PROTOCOL=BEQ)(PROGRAM=oracle)(ARGV0=oracleXE)(ARGS='(DESCRIPTION=(LOCAL=YES)(ADDRESS=(PROTOCOL=beq)))'))(CONNECT_DATA=(SID=XE)(CID=(PROGRAM=C:\Users\lenovo\Documents\GitHub\Ametap\AMETAP\AMETAP\bin\Debug\AMETAP.exe)(HOST=DESKTOP-UU0N3RP)(USER=lenovo))))

  VERSION INFORMATION:
	TNS for 32-bit Windows: Version 10.2.0.1.0 - Production
	Oracle Bequeath NT Protocol Adapter for 32-bit Windows: Version 10.2.0.1.0 - Production
  Time: 07-AOÛT -2018 08:38:37
  Tracing not turned on.
  Tns error struct:
    ns main err code: 12560
    TNS-12560: TNS : erreur d'adaptateur de protocole
    ns secondary err code: 0
    nt main err code: 530
    TNS-00530: Erreur d'adaptateur de protocole
    nt secondary err code: 2
    nt OS err code: 0


***********************************************************************
Fatal NI connect error 12541, connecting to:
 (DESCRIPTION=(CONNECT_DATA=(SERVICE_NAME=)(CID=(PROGRAM=C:\Users\lenovo\Documents\GitHub\Ametap\AMETAP\AMETAP\bin\Debug\AMETAP.exe)(HOST=DESKTOP-UU0N3RP)(USER=lenovo)))(ADDRESS=(PROTOCOL=TCP)(HOST=127.0.0.1)(PORT=1521)))

  VERSION INFORMATION:
	TNS for 32-bit Windows: Version 10.2.0.1.0 - Production
	Windows NT TCP/IP NT Protocol Adapter for 32-bit Windows: Version 10.2.0.1.0 - Production
  Time: 07-AOÛT -2018 08:39:02
  Tracing not turned on.
  Tns error struct:
    ns main err code: 12541
    TNS-12541: TNS : aucun processus d'écoute
    ns secondary err code: 12560
    nt main err code: 511
    TNS-00511: Pas de processus d'écoute
    nt secondary err code: 61
    nt OS err code: 0


***********************************************************************
Fatal NI connect error 12560, connecting to:
 (DESCRIPTION=(ADDRESS=(PROTOCOL=BEQ)(PROGRAM=oracle)(ARGV0=oracleXE)(ARGS='(DESCRIPTION=(LOCAL=YES)(ADDRESS=(PROTOCOL=beq)))'))(CONNECT_DATA=(SID=XE)(CID=(PROGRAM=C:\Users\lenovo\Documents\GitHub\Ametap\AMETAP\AMETAP\bin\Debug\AMETAP.exe)(HOST=DESKTOP-UU0N3RP)(USER=lenovo))))

  VERSION INFORMATION:
	TNS for 32-bit Windows: Version 10.2.0.1.0 - Production
	Oracle Bequeath NT Protocol Adapter for 32-bit Windows: Version 10.2.0.1.0 - Production
  Time: 07-AOÛT -2018 08:39:02
  Tracing not turned on.
  Tns error struct:
    ns main err code: 12560
    TNS-12560: TNS : erreur d'adaptateur de protocole
    ns secondary err code: 0
    nt main err code: 530
    TNS-00530: Erreur d'adaptateur de protocole
    nt secondary err code: 2
    nt OS err code: 0


***********************************************************************
Fatal NI connect error 12541, connecting to:
 (DESCRIPTION=(CONNECT_DATA=(SERVICE_NAME=)(CID=(PROGRAM=C:\Users\lenovo\Documents\GitHub\Ametap\AMETAP\AMETAP\bin\Debug\AMETAP.exe)(HOST=DESKTOP-UU0N3RP)(USER=lenovo)))(ADDRESS=(PROTOCOL=TCP)(HOST=127.0.0.1)(PORT=1521)))

  VERSION INFORMATION:
	TNS for 32-bit Windows: Version 10.2.0.1.0 - Production
	Windows NT TCP/IP NT Protocol Adapter for 32-bit Windows: Version 10.2.0.1.0 - Production
  Time: 07-AOÛT -2018 08:39:49
  Tracing not turned on.
  Tns error struct:
    ns main err code: 12541
    TNS-12541: TNS : aucun processus d'écoute
    ns secondary err code: 12560
    nt main err code: 511
    TNS-00511: Pas de processus d'écoute
    nt secondary err code: 61
    nt OS err code: 0


***********************************************************************
Fatal NI connect error 12560, connecting to:
 (DESCRIPTION=(ADDRESS=(PROTOCOL=BEQ)(PROGRAM=oracle)(ARGV0=oracleXE)(ARGS='(DESCRIPTION=(LOCAL=YES)(ADDRESS=(PROTOCOL=beq)))'))(CONNECT_DATA=(SID=XE)(CID=(PROGRAM=C:\Users\lenovo\Documents\GitHub\Ametap\AMETAP\AMETAP\bin\Debug\AMETAP.exe)(HOST=DESKTOP-UU0N3RP)(USER=lenovo))))

  VERSION INFORMATION:
	TNS for 32-bit Windows: Version 10.2.0.1.0 - Production
	Oracle Bequeath NT Protocol Adapter for 32-bit Windows: Version 10.2.0.1.0 - Production
  Time: 07-AOÛT -2018 08:39:49
  Tracing not turned on.
  Tns error struct:
    ns main err code: 12560
    TNS-12560: TNS : erreur d'adaptateur de protocole
    ns secondary err code: 0
    nt main err code: 530
    TNS-00530: Erreur d'adaptateur de protocole
    nt secondary err code: 2
    nt OS err code: 0


***********************************************************************
Fatal NI connect error 12541, connecting to:
 (DESCRIPTION=(CONNECT_DATA=(SERVICE_NAME=)(CID=(PROGRAM=C:\Users\lenovo\Documents\GitHub\Ametap\AMETAP\AMETAP\bin\Debug\AMETAP.exe)(HOST=DESKTOP-UU0N3RP)(USER=lenovo)))(ADDRESS=(PROTOCOL=TCP)(HOST=127.0.0.1)(PORT=1521)))

  VERSION INFORMATION:
	TNS for 32-bit Windows: Version 10.2.0.1.0 - Production
	Windows NT TCP/IP NT Protocol Adapter for 32-bit Windows: Version 10.2.0.1.0 - Production
  Time: 07-AOÛT -2018 15:57:32
  Tracing not turned on.
  Tns error struct:
    ns main err code: 12541
    TNS-12541: TNS : aucun processus d'écoute
    ns secondary err code: 12560
    nt main err code: 511
    TNS-00511: Pas de processus d'écoute
    nt secondary err code: 61
    nt OS err code: 0


***********************************************************************
Fatal NI connect error 12560, connecting to:
 (DESCRIPTION=(ADDRESS=(PROTOCOL=BEQ)(PROGRAM=oracle)(ARGV0=oracleXE)(ARGS='(DESCRIPTION=(LOCAL=YES)(ADDRESS=(PROTOCOL=beq)))'))(CONNECT_DATA=(SID=XE)(CID=(PROGRAM=C:\Users\lenovo\Documents\GitHub\Ametap\AMETAP\AMETAP\bin\Debug\AMETAP.exe)(HOST=DESKTOP-UU0N3RP)(USER=lenovo))))

  VERSION INFORMATION:
	TNS for 32-bit Windows: Version 10.2.0.1.0 - Production
	Oracle Bequeath NT Protocol Adapter for 32-bit Windows: Version 10.2.0.1.0 - Production
  Time: 07-AOÛT -2018 15:57:32
  Tracing not turned on.
  Tns error struct:
    ns main err code: 12560
    TNS-12560: TNS : erreur d'adaptateur de protocole
    ns secondary err code: 0
    nt main err code: 530
    TNS-00530: Erreur d'adaptateur de protocole
    nt secondary err code: 2
    nt OS err code: 0


***********************************************************************
Fatal NI connect error 12541, connecting to:
 (DESCRIPTION=(CONNECT_DATA=(SERVICE_NAME=)(CID=(PROGRAM=C:\Users\lenovo\Documents\GitHub\Ametap\AMETAP\AMETAP\bin\Debug\AMETAP.exe)(HOST=DESKTOP-UU0N3RP)(USER=lenovo)))(ADDRESS=(PROTOCOL=TCP)(HOST=127.0.0.1)(PORT=1521)))

  VERSION INFORMATION:
	TNS for 32-bit Windows: Version 10.2.0.1.0 - Production
	Windows NT TCP/IP NT Protocol Adapter for 32-bit Windows: Version 10.2.0.1.0 - Production
  Time: 07-AOÛT -2018 15:57:38
  Tracing not turned on.
  Tns error struct:
    ns main err code: 12541
    TNS-12541: TNS : aucun processus d'écoute
    ns secondary err code: 12560
    nt main err code: 511
    TNS-00511: Pas de processus d'écoute
    nt secondary err code: 61
    nt OS err code: 0


***********************************************************************
Fatal NI connect error 12560, connecting to:
 (DESCRIPTION=(ADDRESS=(PROTOCOL=BEQ)(PROGRAM=oracle)(ARGV0=oracleXE)(ARGS='(DESCRIPTION=(LOCAL=YES)(ADDRESS=(PROTOCOL=beq)))'))(CONNECT_DATA=(SID=XE)(CID=(PROGRAM=C:\Users\lenovo\Documents\GitHub\Ametap\AMETAP\AMETAP\bin\Debug\AMETAP.exe)(HOST=DESKTOP-UU0N3RP)(USER=lenovo))))

  VERSION INFORMATION:
	TNS for 32-bit Windows: Version 10.2.0.1.0 - Production
	Oracle Bequeath NT Protocol Adapter for 32-bit Windows: Version 10.2.0.1.0 - Production
  Time: 07-AOÛT -2018 15:57:38
  Tracing not turned on.
  Tns error struct:
    ns main err code: 12560
    TNS-12560: TNS : erreur d'adaptateur de protocole
    ns secondary err code: 0
    nt main err code: 530
    TNS-00530: Erreur d'adaptateur de protocole
    nt secondary err code: 2
    nt OS err code: 0


***********************************************************************
Fatal NI connect error 12541, connecting to:
 (DESCRIPTION=(CONNECT_DATA=(SERVICE_NAME=)(CID=(PROGRAM=C:\Users\lenovo\Documents\GitHub\Ametap\AMETAP\AMETAP\bin\Debug\AMETAP.exe)(HOST=DESKTOP-UU0N3RP)(USER=lenovo)))(ADDRESS=(PROTOCOL=TCP)(HOST=127.0.0.1)(PORT=1521)))

  VERSION INFORMATION:
	TNS for 32-bit Windows: Version 10.2.0.1.0 - Production
	Windows NT TCP/IP NT Protocol Adapter for 32-bit Windows: Version 10.2.0.1.0 - Production
  Time: 07-AOÛT -2018 15:58:00
  Tracing not turned on.
  Tns error struct:
    ns main err code: 12541
    TNS-12541: TNS : aucun processus d'écoute
    ns secondary err code: 12560
    nt main err code: 511
    TNS-00511: Pas de processus d'écoute
    nt secondary err code: 61
    nt OS err code: 0


***********************************************************************
Fatal NI connect error 12560, connecting to:
 (DESCRIPTION=(ADDRESS=(PROTOCOL=BEQ)(PROGRAM=oracle)(ARGV0=oracleXE)(ARGS='(DESCRIPTION=(LOCAL=YES)(ADDRESS=(PROTOCOL=beq)))'))(CONNECT_DATA=(SID=XE)(CID=(PROGRAM=C:\Users\lenovo\Documents\GitHub\Ametap\AMETAP\AMETAP\bin\Debug\AMETAP.exe)(HOST=DESKTOP-UU0N3RP)(USER=lenovo))))

  VERSION INFORMATION:
	TNS for 32-bit Windows: Version 10.2.0.1.0 - Production
	Oracle Bequeath NT Protocol Adapter for 32-bit Windows: Version 10.2.0.1.0 - Production
  Time: 07-AOÛT -2018 15:58:00
  Tracing not turned on.
  Tns error struct:
    ns main err code: 12560
    TNS-12560: TNS : erreur d'adaptateur de protocole
    ns secondary err code: 0
    nt main err code: 530
    TNS-00530: Erreur d'adaptateur de protocole
    nt secondary err code: 2
    nt OS err code: 0
